<?xml version="1.0" encoding="UTF-8"?>
<!-- Generated by org.testng.reporters.JUnitReportReporter -->
<testsuite hostname="G848DTRV" name="net.apmoller.crb.portal.executionEngine.TestRunner" tests="1" failures="0" timestamp="10 Feb 2017 04:43:58 GMT" time="22.528" errors="0">
  <testcase name="regressionSuite" time="22.528" classname="net.apmoller.crb.portal.executionEngine.TestRunner"/>
</testsuite> <!-- net.apmoller.crb.portal.executionEngine.TestRunner -->
